{"level":"debug","time":"2025-04-22T23:28:19.097+0530","caller":"cmd/bin.go:137","msg":"cli os: darwin, cli arch: amd64"}
{"level":"debug","time":"2025-04-22T23:28:19.437+0530","caller":"cmd/bin.go:146","msg":"Upstream version details: {Name:cli Min:0.2.195 Max:0.2.268} "}
{"level":"debug","time":"2025-04-22T23:28:21.314+0530","caller":"core/lifecycle.go:108","msg":"Setting environment"}
{"level":"debug","time":"2025-04-22T23:28:21.315+0530","caller":"core/lifecycle.go:111","msg":"Parsing config"}
{"level":"debug","time":"2025-04-22T23:28:21.315+0530","caller":"yamlconfigmanager/setup.go:706","msg":"Custom location for .hyperexecute.yaml specified. Using: hyper.yml"}
{"level":"debug","time":"2025-04-22T23:28:21.315+0530","caller":"yamlconfigmanager/setup.go:115","msg":"using hyperexecute config from : hyper.yml"}
{"level":"debug","time":"2025-04-22T23:28:21.713+0530","caller":"yamlconfigmanager/setup.go:2029","msg":"Autodetecting test type in files of path : /Users/ritamg/Downloads/panaya_sudhir_sir"}
{"level":"debug","time":"2025-04-22T23:28:21.714+0530","caller":"yamlconfigmanager/setup.go:530","msg":"Tunnel: %!t(<nil>)"}
{"level":"info","time":"2025-04-22T23:28:21.714+0530","caller":"models/HypertestYamlConfig.go:872","msg":"\n\u001b[4m\u001b[1m\u001b[97mExecution Plan\u001b[0m\u001b[22m\u001b[24m"}
{"level":"info","time":"2025-04-22T23:28:21.714+0530","caller":"models/HypertestYamlConfig.go:673","msg":"Mode:    \u001b[36mautosplit\u001b[0m"}
{"level":"info","time":"2025-04-22T23:28:21.714+0530","caller":"models/HypertestYamlConfig.go:733","msg":"Runson:    \u001b[36mwin\u001b[0m"}
{"level":"info","time":"2025-04-22T23:28:21.714+0530","caller":"models/HypertestYamlConfig.go:741","msg":"Concurrency:    \u001b[36m2\u001b[0m"}
{"level":"info","time":"2025-04-22T23:28:21.714+0530","caller":"models/HypertestYamlConfig.go:805","msg":"Report:    \u001b[36mdisabled\u001b[0m"}
{"level":"info","time":"2025-04-22T23:28:21.714+0530","caller":"models/HypertestYamlConfig.go:885","msg":""}
{"level":"debug","time":"2025-04-22T23:28:21.714+0530","caller":"filevalidator/setup.go:49","msg":"Warning: Checking data.json file in current directory, no dataJsonPath found in .hyperexecute.yaml"}
{"level":"debug","time":"2025-04-22T23:28:21.714+0530","caller":"filevalidator/setup.go:53","msg":"Warning: data.json file doesn't exist"}
{"level":"debug","time":"2025-04-22T23:28:22.195+0530","caller":"core/lifecycle.go:516","msg":"Job ID: dab97889-0d75-4c37-88ed-aabc3407b79a"}
{"level":"debug","time":"2025-04-22T23:28:22.195+0530","caller":"events/manager.go:95","msg":"Starting event manager"}
{"level":"debug","time":"2025-04-22T23:28:22.195+0530","caller":"events/manager.go:97","msg":"SSE enabled, getting SSE connection"}
{"level":"debug","time":"2025-04-22T23:28:22.197+0530","caller":"archivemanager/setup.go:340","msg":"digestMap: map[]"}
{"level":"debug","time":"2025-04-22T23:28:22.197+0530","caller":"archivemanager/setup.go:346","msg":"Creating archive of target directory: /Users/ritamg/Downloads/panaya_sudhir_sir"}
{"level":"debug","time":"2025-04-22T23:28:22.219+0530","caller":"core/lifecycle.go:659","msg":"Zip file size: 22.74 kB"}
{"level":"debug","time":"2025-04-22T23:28:22.219+0530","caller":"core/lifecycle.go:669","msg":"Archive location: /Users/ritamg/Downloads/panaya_sudhir_sir/hyperexecute-code-dab97889-0d75-4c37-88ed-aabc3407b79a.zip\n"}
{"level":"debug","time":"2025-04-22T23:28:22.219+0530","caller":"storage/azure.go:59","msg":"Payload size: 22.74 kB, source path /Users/ritamg/Downloads/panaya_sudhir_sir/hyperexecute-code-dab97889-0d75-4c37-88ed-aabc3407b79a.zip"}
{"level":"debug","time":"2025-04-22T23:28:22.835+0530","caller":"storage/azure.go:59","msg":"Payload size: 723.12 kB, source path /var/folders/jq/88j9fdxj7mn139__dnr_kwmh0000gq/T/git.diff"}
{"level":"debug","time":"2025-04-22T23:28:23.441+0530","caller":"events/manager.go:277","msg":"connection to hyperexecute server established successfully."}
{"level":"info","time":"2025-04-22T23:28:34.305+0530","caller":"storage/azure.go:114","msg":"File upload completed in 12.085643878s"}
{"level":"debug","time":"2025-04-22T23:28:34.306+0530","caller":"receptionmanager/setup.go:267","msg":"number of entries in runtimes: 0, switching to new yaml format"}
{"level":"debug","time":"2025-04-22T23:28:34.306+0530","caller":"receptionmanager/setup.go:296","msg":"number of entries in partialreports: 0, switching to new yaml format"}
{"level":"debug","time":"2025-04-22T23:28:34.306+0530","caller":"receptionmanager/setup.go:184","msg":"Uploading yaml : /Users/ritamg/Downloads/panaya_sudhir_sir/.updatedhyperexecute.yaml"}
{"level":"debug","time":"2025-04-22T23:28:34.306+0530","caller":"storage/azure.go:59","msg":"Payload size: 4.02 kB, source path /Users/ritamg/Downloads/panaya_sudhir_sir/.updatedhyperexecute.yaml"}
{"level":"info","time":"2025-04-22T23:28:42.345+0530","caller":"storage/azure.go:114","msg":"File upload completed in 19.510346343s"}
{"level":"info","time":"2025-04-22T23:28:48.375+0530","caller":"storage/azure.go:114","msg":"File upload completed in 14.068691807s"}
{"level":"debug","time":"2025-04-22T23:28:48.376+0530","caller":"core/lifecycle.go:696","msg":"Successfully deleted code archive: /Users/ritamg/Downloads/panaya_sudhir_sir/hyperexecute-code-dab97889-0d75-4c37-88ed-aabc3407b79a.zip\n"}
{"level":"debug","time":"2025-04-22T23:28:48.377+0530","caller":"storage/azure.go:59","msg":"Payload size: 873 B, source path mask-dab97889-0d75-4c37-88ed-aabc3407b79a.yaml"}
{"level":"info","time":"2025-04-22T23:28:58.487+0530","caller":"storage/azure.go:114","msg":"File upload completed in 10.109611174s"}
{"level":"debug","time":"2025-04-22T23:29:01.155+0530","caller":"jobmanager/sse_setup.go:194","msg":"Task id: 622f49c8-bc4a-43cb-93d7-0a8b61db730b"}
{"level":"debug","time":"2025-04-22T23:29:01.155+0530","caller":"jobmanager/sse_setup.go:195","msg":"Sending new task alert to stage manager for taskId: 622f49c8-bc4a-43cb-93d7-0a8b61db730b"}
{"level":"debug","time":"2025-04-22T23:29:01.155+0530","caller":"jobmanager/sse_setup.go:194","msg":"Task id: 9ed033c3-80c2-4a16-ba91-dd6c6bb97e21"}
{"level":"debug","time":"2025-04-22T23:29:01.155+0530","caller":"jobmanager/sse_setup.go:195","msg":"Sending new task alert to stage manager for taskId: 9ed033c3-80c2-4a16-ba91-dd6c6bb97e21"}
{"level":"info","time":"2025-04-22T23:29:03.484+0530","caller":"jobmanager/sse_setup.go:85","msg":"\nJob \u001b[1m\u001b[4mdab97889-0d75-4c37-88ed-aabc3407b79a\u001b[24m\u001b[22m has started \u001b[97mRUNNING\u001b[0m"}
{"level":"info","time":"2025-04-22T23:29:03.484+0530","caller":"jobmanager/manager.go:142","msg":"Job Link: \u001b[4m\u001b[34mhttps://hyperexecute.lambdatest.com/hyperexecute/task?jobId=dab97889-0d75-4c37-88ed-aabc3407b79a\u001b[0m\u001b[24m\n"}
{"level":"info","time":"2025-04-22T23:29:25.970+0530","caller":"terminal/terminal.go:187","msg":"\u001b[32m✔\u001b[0m [1]  \u001b[2mpre (24s)\u001b[22m\n"}
{"level":"info","time":"2025-04-22T23:29:26.327+0530","caller":"terminal/terminal.go:187","msg":"\u001b[32m✔\u001b[0m [2]  \u001b[2mpre (24s)\u001b[22m\n"}
{"level":"info","time":"2025-04-22T23:29:26.328+0530","caller":"terminal/terminal.go:187","msg":"\u001b[32m✔\u001b[0m [1]  \u001b[2mdiscovery (0s)\u001b[22m\n"}
{"level":"info","time":"2025-04-22T23:29:26.835+0530","caller":"terminal/terminal.go:187","msg":"\u001b[32m✔\u001b[0m [2]  \u001b[2mdiscovery (1s)\u001b[22m\n"}
{"level":"info","time":"2025-04-22T23:29:28.060+0530","caller":"terminal/terminal.go:187","msg":"\u001b[32m✔\u001b[0m [1]  \u001b[2mpip install psutil && python main.py (2s)\u001b[22m\n"}
{"level":"info","time":"2025-04-22T23:29:28.388+0530","caller":"terminal/terminal.go:187","msg":"\u001b[32m✔\u001b[0m [2]  \u001b[2mpip install psutil && python main.py (2s)\u001b[22m\n"}
{"level":"debug","time":"2025-04-22T23:31:09.742+0530","caller":"events/manager.go:268","msg":"Connection to server failed, Reconnecting!!"}
{"level":"debug","time":"2025-04-22T23:31:10.583+0530","caller":"events/manager.go:277","msg":"connection to hyperexecute server established successfully."}
{"level":"debug","time":"2025-04-22T23:32:50.589+0530","caller":"events/manager.go:268","msg":"Connection to server failed, Reconnecting!!"}
{"level":"debug","time":"2025-04-22T23:32:52.316+0530","caller":"events/manager.go:277","msg":"connection to hyperexecute server established successfully."}
{"level":"debug","time":"2025-04-22T23:34:32.474+0530","caller":"events/manager.go:268","msg":"Connection to server failed, Reconnecting!!"}
{"level":"debug","time":"2025-04-22T23:34:33.530+0530","caller":"events/manager.go:277","msg":"connection to hyperexecute server established successfully."}
{"level":"debug","time":"2025-04-22T23:36:13.530+0530","caller":"events/manager.go:268","msg":"Connection to server failed, Reconnecting!!"}
{"level":"debug","time":"2025-04-22T23:36:15.176+0530","caller":"events/manager.go:277","msg":"connection to hyperexecute server established successfully."}
{"level":"error","time":"2025-04-22T23:37:06.070+0530","caller":"jobmanager/sse_setup.go:109","msg":"2025-04-22T23:28:18+05:30    error    \u001b[91mERR::JOB::STS\u001b[0m     Job aborted!"}
{"level":"debug","time":"2025-04-22T23:37:06.070+0530","caller":"jobmanager/sse_setup.go:136","msg":"\n\nJob status"}
{"level":"debug","time":"2025-04-22T23:37:06.070+0530","caller":"core/lifecycle.go:874","msg":"Context canceled"}
{"level":"info","time":"2025-04-22T23:37:06.070+0530","caller":"core/lifecycle.go:877","msg":"\u001b[2mStopping pipeline gracefully\u001b[22m"}
{"level":"error","time":"2025-04-22T23:37:06.070+0530","caller":"core/lifecycle.go:880","msg":"2025-04-22T23:28:18+05:30    error    Exiting with error: Job aborted."}
{"level":"info","time":"2025-04-22T23:37:06.070+0530","caller":"jobmanager/manager.go:142","msg":"Job Link: \u001b[4m\u001b[34mhttps://hyperexecute.lambdatest.com/hyperexecute/task?jobId=dab97889-0d75-4c37-88ed-aabc3407b79a\u001b[0m\u001b[24m\n"}
{"level":"debug","time":"2025-04-22T23:37:06.070+0530","caller":"core/lifecycle.go:59","msg":"Quit requested from main goroutine...."}
{"level":"debug","time":"2025-04-22T23:37:06.070+0530","caller":"core/lifecycle.go:60","msg":"Waiting for the goroutines to exit"}
{"level":"info","time":"2025-04-22T23:37:06.368+0530","caller":"jobmanager/JobSummaryManager.go:54","msg":"\n\u001b[101m ABORTED \u001b[0m\n"}
{"level":"info","time":"2025-04-22T23:37:06.368+0530","caller":"jobmanager/JobSummaryManager.go:113","msg":"    \u001b[1mTest Execution Time\u001b[22m:                  \u001b[91m7m37s\u001b[0m"}
{"level":"info","time":"2025-04-22T23:37:06.368+0530","caller":"jobmanager/JobSummaryManager.go:113","msg":"    \u001b[1mJob Duration Time\u001b[22m:                    8m42s"}
{"level":"info","time":"2025-04-22T23:37:06.368+0530","caller":"jobmanager/JobSummaryManager.go:113","msg":"    \u001b[1mTotal Tasks\u001b[22m:                          2"}
{"level":"info","time":"2025-04-22T23:37:06.368+0530","caller":"jobmanager/JobSummaryManager.go:113","msg":"    \u001b[1mCumulative Time Consumed\u001b[22m:             8m31s"}
{"level":"info","time":"2025-04-22T23:37:06.368+0530","caller":"jobmanager/JobSummaryManager.go:113","msg":"    \u001b[1mTotal Stages\u001b[22m:                         6"}
{"level":"info","time":"2025-04-22T23:37:06.368+0530","caller":"jobmanager/JobSummaryManager.go:113","msg":"    \u001b[1mPass discovery stage percentage\u001b[22m:      100.00%"}
{"level":"info","time":"2025-04-22T23:37:06.368+0530","caller":"jobmanager/JobSummaryManager.go:113","msg":"    \u001b[1mFailed discovery stage percentage\u001b[22m:    0.00%"}
{"level":"info","time":"2025-04-22T23:37:06.368+0530","caller":"jobmanager/JobSummaryManager.go:113","msg":"    \u001b[1mPass pre stage percentage\u001b[22m:            \u001b[92m100.00%\u001b[0m"}
{"level":"info","time":"2025-04-22T23:37:06.368+0530","caller":"jobmanager/JobSummaryManager.go:113","msg":"    \u001b[1mFailed pre stage percentage\u001b[22m:          0.00%"}
{"level":"info","time":"2025-04-22T23:37:06.368+0530","caller":"jobmanager/JobSummaryManager.go:113","msg":"    \u001b[1mPass test stage percentage\u001b[22m:           0.00%"}
{"level":"info","time":"2025-04-22T23:37:06.368+0530","caller":"jobmanager/JobSummaryManager.go:113","msg":"    \u001b[1mFailed test stage percentage\u001b[22m:         \u001b[91m100.00%\u001b[0m"}
{"level":"info","time":"2025-04-22T23:37:06.368+0530","caller":"jobmanager/JobSummaryManager.go:113","msg":"    \u001b[1mPass post stage percentage\u001b[22m:           0.00%"}
{"level":"info","time":"2025-04-22T23:37:06.368+0530","caller":"jobmanager/JobSummaryManager.go:113","msg":"    \u001b[1mFailed post stage percentage\u001b[22m:         0.00%"}
{"level":"info","time":"2025-04-22T23:37:06.368+0530","caller":"jobmanager/JobSummaryManager.go:113","msg":"    \u001b[1mFailed Tasks\u001b[22m:                         0"}
{"level":"info","time":"2025-04-22T23:37:06.368+0530","caller":"jobmanager/JobSummaryManager.go:58","msg":""}
{"level":"debug","time":"2025-04-22T23:37:13.836+0530","caller":"cmd/bin.go:137","msg":"cli os: darwin, cli arch: amd64"}
{"level":"debug","time":"2025-04-22T23:37:14.138+0530","caller":"cmd/bin.go:146","msg":"Upstream version details: {Name:cli Min:0.2.195 Max:0.2.268} "}
{"level":"debug","time":"2025-04-22T23:37:16.188+0530","caller":"core/lifecycle.go:108","msg":"Setting environment"}
{"level":"debug","time":"2025-04-22T23:37:16.189+0530","caller":"core/lifecycle.go:111","msg":"Parsing config"}
{"level":"debug","time":"2025-04-22T23:37:16.189+0530","caller":"yamlconfigmanager/setup.go:706","msg":"Custom location for .hyperexecute.yaml specified. Using: hyper.yml"}
{"level":"debug","time":"2025-04-22T23:37:16.189+0530","caller":"yamlconfigmanager/setup.go:115","msg":"using hyperexecute config from : hyper.yml"}
{"level":"debug","time":"2025-04-22T23:37:16.752+0530","caller":"yamlconfigmanager/setup.go:2029","msg":"Autodetecting test type in files of path : /Users/ritamg/Downloads/panaya_sudhir_sir"}
{"level":"debug","time":"2025-04-22T23:37:16.753+0530","caller":"yamlconfigmanager/setup.go:530","msg":"Tunnel: %!t(<nil>)"}
{"level":"info","time":"2025-04-22T23:37:16.753+0530","caller":"models/HypertestYamlConfig.go:872","msg":"\n\u001b[4m\u001b[1m\u001b[97mExecution Plan\u001b[0m\u001b[22m\u001b[24m"}
{"level":"info","time":"2025-04-22T23:37:16.753+0530","caller":"models/HypertestYamlConfig.go:673","msg":"Mode:    \u001b[36mautosplit\u001b[0m"}
{"level":"info","time":"2025-04-22T23:37:16.753+0530","caller":"models/HypertestYamlConfig.go:733","msg":"Runson:    \u001b[36mwin\u001b[0m"}
{"level":"info","time":"2025-04-22T23:37:16.753+0530","caller":"models/HypertestYamlConfig.go:741","msg":"Concurrency:    \u001b[36m2\u001b[0m"}
{"level":"info","time":"2025-04-22T23:37:16.753+0530","caller":"models/HypertestYamlConfig.go:805","msg":"Report:    \u001b[36mdisabled\u001b[0m"}
{"level":"info","time":"2025-04-22T23:37:16.753+0530","caller":"models/HypertestYamlConfig.go:885","msg":""}
{"level":"debug","time":"2025-04-22T23:37:16.753+0530","caller":"filevalidator/setup.go:49","msg":"Warning: Checking data.json file in current directory, no dataJsonPath found in .hyperexecute.yaml"}
{"level":"debug","time":"2025-04-22T23:37:16.753+0530","caller":"filevalidator/setup.go:53","msg":"Warning: data.json file doesn't exist"}
{"level":"debug","time":"2025-04-22T23:37:17.265+0530","caller":"core/lifecycle.go:516","msg":"Job ID: 664473e0-7ede-4a89-b2d2-c242b3dfaf67"}
{"level":"debug","time":"2025-04-22T23:37:17.265+0530","caller":"events/manager.go:95","msg":"Starting event manager"}
{"level":"debug","time":"2025-04-22T23:37:17.265+0530","caller":"events/manager.go:97","msg":"SSE enabled, getting SSE connection"}
{"level":"debug","time":"2025-04-22T23:37:17.274+0530","caller":"archivemanager/setup.go:340","msg":"digestMap: map[]"}
{"level":"debug","time":"2025-04-22T23:37:17.274+0530","caller":"archivemanager/setup.go:346","msg":"Creating archive of target directory: /Users/ritamg/Downloads/panaya_sudhir_sir"}
{"level":"debug","time":"2025-04-22T23:37:17.289+0530","caller":"core/lifecycle.go:659","msg":"Zip file size: 22.74 kB"}
{"level":"debug","time":"2025-04-22T23:37:17.289+0530","caller":"core/lifecycle.go:669","msg":"Archive location: /Users/ritamg/Downloads/panaya_sudhir_sir/hyperexecute-code-664473e0-7ede-4a89-b2d2-c242b3dfaf67.zip\n"}
{"level":"debug","time":"2025-04-22T23:37:17.290+0530","caller":"storage/azure.go:59","msg":"Payload size: 22.74 kB, source path /Users/ritamg/Downloads/panaya_sudhir_sir/hyperexecute-code-664473e0-7ede-4a89-b2d2-c242b3dfaf67.zip"}
{"level":"debug","time":"2025-04-22T23:37:18.229+0530","caller":"storage/azure.go:59","msg":"Payload size: 740.51 kB, source path /var/folders/jq/88j9fdxj7mn139__dnr_kwmh0000gq/T/git.diff"}
{"level":"debug","time":"2025-04-22T23:37:21.059+0530","caller":"events/manager.go:277","msg":"connection to hyperexecute server established successfully."}
{"level":"info","time":"2025-04-22T23:37:27.525+0530","caller":"storage/azure.go:114","msg":"File upload completed in 10.235360175s"}
{"level":"debug","time":"2025-04-22T23:37:27.527+0530","caller":"receptionmanager/setup.go:267","msg":"number of entries in runtimes: 0, switching to new yaml format"}
{"level":"debug","time":"2025-04-22T23:37:27.527+0530","caller":"receptionmanager/setup.go:296","msg":"number of entries in partialreports: 0, switching to new yaml format"}
{"level":"debug","time":"2025-04-22T23:37:27.528+0530","caller":"receptionmanager/setup.go:184","msg":"Uploading yaml : /Users/ritamg/Downloads/panaya_sudhir_sir/.updatedhyperexecute.yaml"}
{"level":"debug","time":"2025-04-22T23:37:27.528+0530","caller":"storage/azure.go:59","msg":"Payload size: 4.02 kB, source path /Users/ritamg/Downloads/panaya_sudhir_sir/.updatedhyperexecute.yaml"}
{"level":"info","time":"2025-04-22T23:37:37.566+0530","caller":"storage/azure.go:114","msg":"File upload completed in 19.337633983s"}
{"level":"info","time":"2025-04-22T23:37:43.605+0530","caller":"storage/azure.go:114","msg":"File upload completed in 16.077055035s"}
{"level":"debug","time":"2025-04-22T23:37:43.606+0530","caller":"core/lifecycle.go:696","msg":"Successfully deleted code archive: /Users/ritamg/Downloads/panaya_sudhir_sir/hyperexecute-code-664473e0-7ede-4a89-b2d2-c242b3dfaf67.zip\n"}
{"level":"debug","time":"2025-04-22T23:37:43.607+0530","caller":"storage/azure.go:59","msg":"Payload size: 873 B, source path mask-664473e0-7ede-4a89-b2d2-c242b3dfaf67.yaml"}
{"level":"info","time":"2025-04-22T23:37:53.745+0530","caller":"storage/azure.go:114","msg":"File upload completed in 10.138335693s"}
{"level":"debug","time":"2025-04-22T23:37:55.301+0530","caller":"jobmanager/sse_setup.go:194","msg":"Task id: d8422191-c6da-4c61-8468-88540356c521"}
{"level":"debug","time":"2025-04-22T23:37:55.301+0530","caller":"jobmanager/sse_setup.go:195","msg":"Sending new task alert to stage manager for taskId: d8422191-c6da-4c61-8468-88540356c521"}
{"level":"debug","time":"2025-04-22T23:37:55.301+0530","caller":"jobmanager/sse_setup.go:194","msg":"Task id: 2a94a7ae-540d-47f7-8594-d041601b1f41"}
{"level":"debug","time":"2025-04-22T23:37:55.301+0530","caller":"jobmanager/sse_setup.go:195","msg":"Sending new task alert to stage manager for taskId: 2a94a7ae-540d-47f7-8594-d041601b1f41"}
{"level":"info","time":"2025-04-22T23:37:57.165+0530","caller":"jobmanager/sse_setup.go:85","msg":"\nJob \u001b[1m\u001b[4m664473e0-7ede-4a89-b2d2-c242b3dfaf67\u001b[24m\u001b[22m has started \u001b[97mRUNNING\u001b[0m"}
{"level":"info","time":"2025-04-22T23:37:57.165+0530","caller":"jobmanager/manager.go:142","msg":"Job Link: \u001b[4m\u001b[34mhttps://hyperexecute.lambdatest.com/hyperexecute/task?jobId=664473e0-7ede-4a89-b2d2-c242b3dfaf67\u001b[0m\u001b[24m\n"}
{"level":"info","time":"2025-04-22T23:38:20.788+0530","caller":"terminal/terminal.go:187","msg":"\u001b[32m✔\u001b[0m [2]  \u001b[2mpre (25s)\u001b[22m\n"}
{"level":"info","time":"2025-04-22T23:38:21.177+0530","caller":"terminal/terminal.go:187","msg":"\u001b[32m✔\u001b[0m [2]  \u001b[2mdiscovery (1s)\u001b[22m\n"}
{"level":"info","time":"2025-04-22T23:38:21.373+0530","caller":"terminal/terminal.go:187","msg":"\u001b[32m✔\u001b[0m [1]  \u001b[2mpre (25s)\u001b[22m\n"}
{"level":"info","time":"2025-04-22T23:38:21.798+0530","caller":"terminal/terminal.go:187","msg":"\u001b[32m✔\u001b[0m [1]  \u001b[2mdiscovery (1s)\u001b[22m\n"}
{"level":"info","time":"2025-04-22T23:38:22.899+0530","caller":"terminal/terminal.go:187","msg":"\u001b[32m✔\u001b[0m [2]  \u001b[2mpip install psutil && python main.py (3s)\u001b[22m\n"}
{"level":"info","time":"2025-04-22T23:38:23.835+0530","caller":"terminal/terminal.go:187","msg":"\u001b[32m✔\u001b[0m [1]  \u001b[2mpip install psutil && python main.py (3s)\u001b[22m\n"}
{"level":"debug","time":"2025-04-22T23:40:04.595+0530","caller":"events/manager.go:268","msg":"Connection to server failed, Reconnecting!!"}
{"level":"debug","time":"2025-04-22T23:40:05.906+0530","caller":"events/manager.go:277","msg":"connection to hyperexecute server established successfully."}
